<?xml version="1.0" encoding="UTF-8"?>
<!-- Generated by org.testng.reporters.JUnitReportReporter -->
<testsuite skipped="0" hostname="UKH129153" name="TestNGExamples" tests="3" failures="0" timestamp="21 May 2017 12:07:29 GMT" time="0.018" errors="0">
  <testcase name="test2" time="0.011" classname="TestNGExamples"/>
  <testcase name="test3" time="0.004" classname="TestNGExamples"/>
  <testcase name="test1" time="0.003" classname="TestNGExamples"/>
</testsuite> <!-- TestNGExamples -->
