<?xml version="1.0" encoding="UTF-8"?>
<!-- Generated by org.testng.reporters.JUnitReportReporter -->
<testsuite skipped="0" hostname="UKH129153" name="TestNGDataProvider" tests="2" failures="0" timestamp="21 May 2017 11:02:45 GMT" time="0.025" errors="0">
  <testcase name="usedata" time="0.022" classname="TestNGDataProvider"/>
  <testcase name="usedata" time="0.003" classname="TestNGDataProvider"/>
</testsuite> <!-- TestNGDataProvider -->
